[INFO] Scanning for projects...
[INFO] 
[INFO] --------------------------< com.chich:maqoor >--------------------------
[INFO] Building maqoor 0.0.1-SNAPSHOT
[INFO]   from pom.xml
[INFO] --------------------------------[ jar ]---------------------------------
[INFO] 
[INFO] >>> spring-boot:3.5.3:run (default-cli) > test-compile @ maqoor >>>
[INFO] 
[INFO] --- resources:3.3.1:resources (default-resources) @ maqoor ---
[INFO] Copying 1 resource from src/main/resources to target/classes
[INFO] Copying 14 resources from src/main/resources to target/classes
[INFO] 
[INFO] --- compiler:3.14.0:compile (default-compile) @ maqoor ---
[INFO] Nothing to compile - all classes are up to date.
[INFO] 
[INFO] --- resources:3.3.1:testResources (default-testResources) @ maqoor ---
[INFO] skip non existing resourceDirectory /Users/chichyan/Dev/maqoor_garmentTracker/src/test/resources
[INFO] 
[INFO] --- compiler:3.14.0:testCompile (default-testCompile) @ maqoor ---
[INFO] Nothing to compile - all classes are up to date.
[INFO] 
[INFO] <<< spring-boot:3.5.3:run (default-cli) < test-compile @ maqoor <<<
[INFO] 
[INFO] 
[INFO] --- spring-boot:3.5.3:run (default-cli) @ maqoor ---
[INFO] Attaching agents: []

  .   ____          _            __ _ _
 /\\ / ___'_ __ _ _(_)_ __  __ _ \ \ \ \
( ( )\___ | '_ | '_| | '_ \/ _` | \ \ \ \
 \\/  ___)| |_)| | | | | || (_| |  ) ) ) )
  '  |____| .__|_| |_|_| |_\__, | / / / /
 =========|_|==============|___/=/_/_/_/

 :: Spring Boot ::                (v3.5.3)

2025-08-14T17:30:39.574+04:00  INFO 63506 --- [maqoor] [           main] com.chich.maqoor.MaqoorApplication       : Starting MaqoorApplication using Java 22.0.2 with PID 63506 (/Users/chichyan/Dev/maqoor_garmentTracker/target/classes started by chichyan in /Users/chichyan/Dev/maqoor_garmentTracker)
2025-08-14T17:30:39.575+04:00 DEBUG 63506 --- [maqoor] [           main] com.chich.maqoor.MaqoorApplication       : Running with Spring Boot v3.5.3, Spring v6.2.8
2025-08-14T17:30:39.575+04:00  INFO 63506 --- [maqoor] [           main] com.chich.maqoor.MaqoorApplication       : No active profile set, falling back to 1 default profile: "default"
2025-08-14T17:30:39.942+04:00  INFO 63506 --- [maqoor] [           main] .s.d.r.c.RepositoryConfigurationDelegate : Bootstrapping Spring Data JPA repositories in DEFAULT mode.
2025-08-14T17:30:39.987+04:00  INFO 63506 --- [maqoor] [           main] .s.d.r.c.RepositoryConfigurationDelegate : Finished Spring Data repository scanning in 40 ms. Found 8 JPA repository interfaces.
2025-08-14T17:30:40.275+04:00  INFO 63506 --- [maqoor] [           main] o.s.b.w.embedded.tomcat.TomcatWebServer  : Tomcat initialized with port 8081 (http)
2025-08-14T17:30:40.285+04:00  INFO 63506 --- [maqoor] [           main] o.apache.catalina.core.StandardService   : Starting service [Tomcat]
2025-08-14T17:30:40.285+04:00  INFO 63506 --- [maqoor] [           main] o.apache.catalina.core.StandardEngine    : Starting Servlet engine: [Apache Tomcat/10.1.42]
2025-08-14T17:30:40.312+04:00  INFO 63506 --- [maqoor] [           main] o.a.c.c.C.[Tomcat].[localhost].[/]       : Initializing Spring embedded WebApplicationContext
2025-08-14T17:30:40.313+04:00  INFO 63506 --- [maqoor] [           main] w.s.c.ServletWebServerApplicationContext : Root WebApplicationContext: initialization completed in 717 ms
2025-08-14T17:30:40.402+04:00  INFO 63506 --- [maqoor] [           main] o.hibernate.jpa.internal.util.LogHelper  : HHH000204: Processing PersistenceUnitInfo [name: default]
2025-08-14T17:30:40.437+04:00  INFO 63506 --- [maqoor] [           main] org.hibernate.Version                    : HHH000412: Hibernate ORM core version 6.6.18.Final
2025-08-14T17:30:40.454+04:00  INFO 63506 --- [maqoor] [           main] o.h.c.internal.RegionFactoryInitiator    : HHH000026: Second-level cache disabled
2025-08-14T17:30:40.598+04:00  INFO 63506 --- [maqoor] [           main] o.s.o.j.p.SpringPersistenceUnitInfo      : No LoadTimeWeaver setup: ignoring JPA class transformer
2025-08-14T17:30:40.613+04:00  INFO 63506 --- [maqoor] [           main] com.zaxxer.hikari.HikariDataSource       : HikariPool-1 - Starting...
2025-08-14T17:30:40.721+04:00  INFO 63506 --- [maqoor] [           main] com.zaxxer.hikari.pool.HikariPool        : HikariPool-1 - Added connection conn0: url=jdbc:h2:mem:maqoor user=SA
2025-08-14T17:30:40.722+04:00  INFO 63506 --- [maqoor] [           main] com.zaxxer.hikari.HikariDataSource       : HikariPool-1 - Start completed.
2025-08-14T17:30:40.737+04:00  WARN 63506 --- [maqoor] [           main] org.hibernate.orm.deprecation            : HHH90000025: H2Dialect does not need to be specified explicitly using 'hibernate.dialect' (remove the property setting and it will be selected by default)
2025-08-14T17:30:40.747+04:00  INFO 63506 --- [maqoor] [           main] org.hibernate.orm.connections.pooling    : HHH10001005: Database info:
	Database JDBC URL [Connecting through datasource 'HikariDataSource (HikariPool-1)']
	Database driver: undefined/unknown
	Database version: 2.3.232
	Autocommit mode: undefined/unknown
	Isolation level: undefined/unknown
	Minimum pool size: undefined/unknown
	Maximum pool size: undefined/unknown
2025-08-14T17:30:41.317+04:00  INFO 63506 --- [maqoor] [           main] o.h.e.t.j.p.i.JtaPlatformInitiator       : HHH000489: No JTA platform available (set 'hibernate.transaction.jta.platform' to enable JTA platform integration)
Hibernate: create table garment_scans (id integer generated by default as identity, department enum ('ALTERATION','DELIVERY','DRY_CLEANING','EXAMINATION','FINISHING','IRONING','LOCKER','RECEPTION','STAIN_REMOVAL','WASHING') not null, scanned_at timestamp(6) not null, garment_id integer not null, user_id integer not null, primary key (id))
Hibernate: create table garments (garment_id integer generated by default as identity, cleancloud_garment_id varchar(255), color varchar(255), created_at timestamp(6), department_id enum ('ALTERATION','DELIVERY','DRY_CLEANING','EXAMINATION','FINISHING','IRONING','LOCKER','RECEPTION','STAIN_REMOVAL','WASHING'), description varchar(255), last_update timestamp(6), size varchar(255), special_instructions varchar(255), type varchar(255), orders_id integer, primary key (garment_id))
Hibernate: create table orders (order_id integer generated by default as identity, cleancloud_order_id integer, created_at timestamp(6), customer_name varchar(255), customer_phone varchar(255), delivery_date varchar(255), express boolean, order_number varchar(255), state enum ('ACTIVE','COMPLETED'), pickup_date varchar(255), status varchar(255), type varchar(255), updated_at timestamp(6), primary key (order_id))
Hibernate: create table task_attachments (id bigint generated by default as identity, created_at timestamp(6) not null, file_path varchar(255) not null, file_size bigint, filename varchar(255) not null, mime_type varchar(255), original_filename varchar(255) not null, task_id bigint not null, uploaded_by integer not null, primary key (id))
Hibernate: create table task_comments (id bigint generated by default as identity, content TEXT not null, created_at timestamp(6) not null, updated_at timestamp(6), created_by integer not null, task_id bigint not null, primary key (id))
Hibernate: create table task_labels (task_id bigint not null, label varchar(255))
Hibernate: create table task_lists (id bigint generated by default as identity, created_at timestamp(6) not null, description varchar(255), name varchar(255) not null, position integer not null, updated_at timestamp(6), primary key (id))
Hibernate: create table tasks (id bigint generated by default as identity, created_at timestamp(6) not null, description TEXT, due_date timestamp(6), position integer, priority enum ('HIGH','LOW','MEDIUM','URGENT'), status enum ('DONE','IN_PROGRESS','REVIEW','TODO'), title varchar(255) not null, updated_at timestamp(6), assigned_to integer, created_by integer not null, task_list_id bigint not null, primary key (id))
Hibernate: create table user_schedule_times (user_id integer not null, schedule_time varchar(255))
Hibernate: create table users (id integer generated by default as identity, department enum ('ALTERATION','DELIVERY','DRY_CLEANING','EXAMINATION','FINISHING','IRONING','LOCKER','RECEPTION','STAIN_REMOVAL','WASHING'), email varchar(255), name varchar(255), password varchar(255), role enum ('ADMIN','USER'), state enum ('ACTIVE','DELETED','LOCKED'), status enum ('ACTIVE','EMAIL_NOT_CONFIRMED'), username varchar(255), primary key (id))
Hibernate: alter table if exists orders drop constraint if exists UK7nq0bbx6u9g453hvh2c41h9n
Hibernate: alter table if exists orders add constraint UK7nq0bbx6u9g453hvh2c41h9n unique (cleancloud_order_id)
Hibernate: alter table if exists garment_scans add constraint FKgsd6mhx8niic4udi5g9si9a20 foreign key (garment_id) references garments
Hibernate: alter table if exists garment_scans add constraint FKir7g3fwcfoj275w0g5y78248l foreign key (user_id) references users
Hibernate: alter table if exists garments add constraint FKrvyqeemx23auyqfpwmfw5qt14 foreign key (orders_id) references orders
Hibernate: alter table if exists task_attachments add constraint FK4eyiisq4wyx2mfj3p9h8ppufo foreign key (task_id) references tasks
Hibernate: alter table if exists task_attachments add constraint FK8g8b4opj0xx4ptu66b8gxkkdo foreign key (uploaded_by) references users
Hibernate: alter table if exists task_comments add constraint FK7a5mt0n4svlj0r1k61dbgaeyo foreign key (created_by) references users
Hibernate: alter table if exists task_comments add constraint FK9517viwn2geh1gpivj6l9y64u foreign key (task_id) references tasks
Hibernate: alter table if exists task_labels add constraint FK7wi3dfqb8gx9kiysuy980sbus foreign key (task_id) references tasks
Hibernate: alter table if exists tasks add constraint FK2vjo8mbre3rvpbd6e7976b54m foreign key (assigned_to) references users
Hibernate: alter table if exists tasks add constraint FK9dgm9t7wn4w3gh57h63g712lo foreign key (created_by) references users
Hibernate: alter table if exists tasks add constraint FKiinc04iyv3yaa1w86w5p724l7 foreign key (task_list_id) references task_lists
Hibernate: alter table if exists user_schedule_times add constraint FK2kg480ljduwlyntgftc15ng9x foreign key (user_id) references users
2025-08-14T17:30:41.365+04:00  INFO 63506 --- [maqoor] [           main] j.LocalContainerEntityManagerFactoryBean : Initialized JPA EntityManagerFactory for persistence unit 'default'
2025-08-14T17:30:41.547+04:00  INFO 63506 --- [maqoor] [           main] o.s.d.j.r.query.QueryEnhancerFactory     : Hibernate is in classpath; If applicable, HQL parser will be used.
2025-08-14T17:30:42.054+04:00  WARN 63506 --- [maqoor] [           main] JpaBaseConfiguration$JpaWebConfiguration : spring.jpa.open-in-view is enabled by default. Therefore, database queries may be performed during view rendering. Explicitly configure spring.jpa.open-in-view to disable this warning
2025-08-14T17:30:42.144+04:00  INFO 63506 --- [maqoor] [           main] r$InitializeUserDetailsManagerConfigurer : Global AuthenticationManager configured with UserDetailsService bean with name customUserDetailsService
2025-08-14T17:30:42.192+04:00 DEBUG 63506 --- [maqoor] [           main] o.s.s.web.DefaultSecurityFilterChain     : Will secure any request with filters: DisableEncodeUrlFilter, WebAsyncManagerIntegrationFilter, SecurityContextHolderFilter, HeaderWriterFilter, LogoutFilter, UsernamePasswordAuthenticationFilter, RequestCacheAwareFilter, SecurityContextHolderAwareRequestFilter, AnonymousAuthenticationFilter, ExceptionTranslationFilter, AuthorizationFilter
2025-08-14T17:30:42.282+04:00  INFO 63506 --- [maqoor] [           main] o.s.b.a.h2.H2ConsoleAutoConfiguration    : H2 console available at '/h2-console'. Database available at 'jdbc:h2:mem:maqoor'
2025-08-14T17:30:42.329+04:00  INFO 63506 --- [maqoor] [           main] o.s.b.w.embedded.tomcat.TomcatWebServer  : Tomcat started on port 8081 (http) with context path '/'
2025-08-14T17:30:42.334+04:00  INFO 63506 --- [maqoor] [           main] com.chich.maqoor.MaqoorApplication       : Started MaqoorApplication in 3.014 seconds (process running for 3.178)
Hibernate: select count(*) from users u1_0
Hibernate: select count(*) from orders o1_0
Hibernate: select count(*) from garments g1_0
Hibernate: insert into users (department,email,name,password,role,state,status,username,id) values (?,?,?,?,?,?,?,?,default)
Hibernate: insert into users (department,email,name,password,role,state,status,username,id) values (?,?,?,?,?,?,?,?,default)
Hibernate: insert into users (department,email,name,password,role,state,status,username,id) values (?,?,?,?,?,?,?,?,default)
Hibernate: select o1_0.order_id,o1_0.cleancloud_order_id,o1_0.created_at,o1_0.customer_name,o1_0.customer_phone,o1_0.delivery_date,o1_0.express,o1_0.order_number,o1_0.state,o1_0.pickup_date,o1_0.status,o1_0.type,o1_0.updated_at,g1_0.orders_id,g1_0.garment_id,g1_0.cleancloud_garment_id,g1_0.color,g1_0.created_at,g1_0.department_id,g1_0.description,g1_0.last_update,g1_0.size,g1_0.special_instructions,g1_0.type from orders o1_0 left join garments g1_0 on o1_0.order_id=g1_0.orders_id where o1_0.order_id=?
Hibernate: select o1_0.order_id,o1_0.cleancloud_order_id,o1_0.created_at,o1_0.customer_name,o1_0.customer_phone,o1_0.delivery_date,o1_0.express,o1_0.order_number,o1_0.state,o1_0.pickup_date,o1_0.status,o1_0.type,o1_0.updated_at from orders o1_0 where o1_0.order_id=?
2025-08-14T17:30:42.688+04:00  INFO 63506 --- [maqoor] [           main] .s.b.a.l.ConditionEvaluationReportLogger : 

Error starting ApplicationContext. To display the condition evaluation report re-run your application with 'debug' enabled.
2025-08-14T17:30:42.696+04:00 ERROR 63506 --- [maqoor] [           main] o.s.boot.SpringApplication               : Application run failed

org.springframework.orm.ObjectOptimisticLockingFailureException: Row was updated or deleted by another transaction (or unsaved-value mapping was incorrect): [com.chich.maqoor.entity.Orders#1001]
	at org.springframework.orm.jpa.vendor.HibernateJpaDialect.convertHibernateAccessException(HibernateJpaDialect.java:329) ~[spring-orm-6.2.8.jar:6.2.8]
	at org.springframework.orm.jpa.vendor.HibernateJpaDialect.convertHibernateAccessException(HibernateJpaDialect.java:256) ~[spring-orm-6.2.8.jar:6.2.8]
	at org.springframework.orm.jpa.vendor.HibernateJpaDialect.translateExceptionIfPossible(HibernateJpaDialect.java:244) ~[spring-orm-6.2.8.jar:6.2.8]
	at org.springframework.orm.jpa.AbstractEntityManagerFactoryBean.translateExceptionIfPossible(AbstractEntityManagerFactoryBean.java:560) ~[spring-orm-6.2.8.jar:6.2.8]
	at org.springframework.dao.support.ChainedPersistenceExceptionTranslator.translateExceptionIfPossible(ChainedPersistenceExceptionTranslator.java:61) ~[spring-tx-6.2.8.jar:6.2.8]
	at org.springframework.dao.support.DataAccessUtils.translateIfNecessary(DataAccessUtils.java:343) ~[spring-tx-6.2.8.jar:6.2.8]
	at org.springframework.dao.support.PersistenceExceptionTranslationInterceptor.invoke(PersistenceExceptionTranslationInterceptor.java:160) ~[spring-tx-6.2.8.jar:6.2.8]
	at org.springframework.aop.framework.ReflectiveMethodInvocation.proceed(ReflectiveMethodInvocation.java:184) ~[spring-aop-6.2.8.jar:6.2.8]
	at org.springframework.data.jpa.repository.support.CrudMethodMetadataPostProcessor$CrudMethodMetadataPopulatingMethodInterceptor.invoke(CrudMethodMetadataPostProcessor.java:165) ~[spring-data-jpa-3.5.1.jar:3.5.1]
	at org.springframework.aop.framework.ReflectiveMethodInvocation.proceed(ReflectiveMethodInvocation.java:184) ~[spring-aop-6.2.8.jar:6.2.8]
	at org.springframework.aop.framework.JdkDynamicAopProxy.invoke(JdkDynamicAopProxy.java:223) ~[spring-aop-6.2.8.jar:6.2.8]
	at jdk.proxy2/jdk.proxy2.$Proxy136.save(Unknown Source) ~[na:na]
	at com.chich.maqoor.config.DataSeeder.run(DataSeeder.java:86) ~[classes/:na]
	at org.springframework.boot.SpringApplication.lambda$callRunner$5(SpringApplication.java:788) ~[spring-boot-3.5.3.jar:3.5.3]
	at org.springframework.util.function.ThrowingConsumer$1.acceptWithException(ThrowingConsumer.java:82) ~[spring-core-6.2.8.jar:6.2.8]
	at org.springframework.util.function.ThrowingConsumer.accept(ThrowingConsumer.java:60) ~[spring-core-6.2.8.jar:6.2.8]
	at org.springframework.util.function.ThrowingConsumer$1.accept(ThrowingConsumer.java:86) ~[spring-core-6.2.8.jar:6.2.8]
	at org.springframework.boot.SpringApplication.callRunner(SpringApplication.java:796) ~[spring-boot-3.5.3.jar:3.5.3]
	at org.springframework.boot.SpringApplication.callRunner(SpringApplication.java:787) ~[spring-boot-3.5.3.jar:3.5.3]
	at org.springframework.boot.SpringApplication.lambda$callRunners$3(SpringApplication.java:772) ~[spring-boot-3.5.3.jar:3.5.3]
	at java.base/java.util.stream.ForEachOps$ForEachOp$OfRef.accept(ForEachOps.java:184) ~[na:na]
	at java.base/java.util.stream.SortedOps$SizedRefSortingSink.end(SortedOps.java:357) ~[na:na]
	at java.base/java.util.stream.AbstractPipeline.copyInto(AbstractPipeline.java:557) ~[na:na]
	at java.base/java.util.stream.AbstractPipeline.wrapAndCopyInto(AbstractPipeline.java:546) ~[na:na]
	at java.base/java.util.stream.ForEachOps$ForEachOp.evaluateSequential(ForEachOps.java:151) ~[na:na]
	at java.base/java.util.stream.ForEachOps$ForEachOp$OfRef.evaluateSequential(ForEachOps.java:174) ~[na:na]
	at java.base/java.util.stream.AbstractPipeline.evaluate(AbstractPipeline.java:265) ~[na:na]
	at java.base/java.util.stream.ReferencePipeline.forEach(ReferencePipeline.java:611) ~[na:na]
	at org.springframework.boot.SpringApplication.callRunners(SpringApplication.java:772) ~[spring-boot-3.5.3.jar:3.5.3]
	at org.springframework.boot.SpringApplication.run(SpringApplication.java:325) ~[spring-boot-3.5.3.jar:3.5.3]
	at org.springframework.boot.SpringApplication.run(SpringApplication.java:1361) ~[spring-boot-3.5.3.jar:3.5.3]
	at org.springframework.boot.SpringApplication.run(SpringApplication.java:1350) ~[spring-boot-3.5.3.jar:3.5.3]
	at com.chich.maqoor.MaqoorApplication.main(MaqoorApplication.java:10) ~[classes/:na]
Caused by: org.hibernate.StaleObjectStateException: Row was updated or deleted by another transaction (or unsaved-value mapping was incorrect): [com.chich.maqoor.entity.Orders#1001]
	at org.hibernate.event.internal.DefaultMergeEventListener.entityIsDetached(DefaultMergeEventListener.java:426) ~[hibernate-core-6.6.18.Final.jar:6.6.18.Final]
	at org.hibernate.event.internal.DefaultMergeEventListener.merge(DefaultMergeEventListener.java:214) ~[hibernate-core-6.6.18.Final.jar:6.6.18.Final]
	at org.hibernate.event.internal.DefaultMergeEventListener.doMerge(DefaultMergeEventListener.java:152) ~[hibernate-core-6.6.18.Final.jar:6.6.18.Final]
	at org.hibernate.event.internal.DefaultMergeEventListener.onMerge(DefaultMergeEventListener.java:136) ~[hibernate-core-6.6.18.Final.jar:6.6.18.Final]
	at org.hibernate.event.internal.DefaultMergeEventListener.onMerge(DefaultMergeEventListener.java:89) ~[hibernate-core-6.6.18.Final.jar:6.6.18.Final]
	at org.hibernate.event.service.internal.EventListenerGroupImpl.fireEventOnEachListener(EventListenerGroupImpl.java:127) ~[hibernate-core-6.6.18.Final.jar:6.6.18.Final]
	at org.hibernate.internal.SessionImpl.fireMerge(SessionImpl.java:854) ~[hibernate-core-6.6.18.Final.jar:6.6.18.Final]
	at org.hibernate.internal.SessionImpl.merge(SessionImpl.java:840) ~[hibernate-core-6.6.18.Final.jar:6.6.18.Final]
	at java.base/jdk.internal.reflect.DirectMethodHandleAccessor.invoke(DirectMethodHandleAccessor.java:103) ~[na:na]
	at java.base/java.lang.reflect.Method.invoke(Method.java:580) ~[na:na]
	at org.springframework.orm.jpa.SharedEntityManagerCreator$SharedEntityManagerInvocationHandler.invoke(SharedEntityManagerCreator.java:320) ~[spring-orm-6.2.8.jar:6.2.8]
	at jdk.proxy2/jdk.proxy2.$Proxy131.merge(Unknown Source) ~[na:na]
	at org.springframework.data.jpa.repository.support.SimpleJpaRepository.save(SimpleJpaRepository.java:656) ~[spring-data-jpa-3.5.1.jar:3.5.1]
	at java.base/jdk.internal.reflect.DirectMethodHandleAccessor.invoke(DirectMethodHandleAccessor.java:103) ~[na:na]
	at java.base/java.lang.reflect.Method.invoke(Method.java:580) ~[na:na]
	at org.springframework.aop.support.AopUtils.invokeJoinpointUsingReflection(AopUtils.java:359) ~[spring-aop-6.2.8.jar:6.2.8]
	at org.springframework.data.repository.core.support.RepositoryMethodInvoker$RepositoryFragmentMethodInvoker.lambda$new$0(RepositoryMethodInvoker.java:277) ~[spring-data-commons-3.5.1.jar:3.5.1]
	at org.springframework.data.repository.core.support.RepositoryMethodInvoker.doInvoke(RepositoryMethodInvoker.java:170) ~[spring-data-commons-3.5.1.jar:3.5.1]
	at org.springframework.data.repository.core.support.RepositoryMethodInvoker.invoke(RepositoryMethodInvoker.java:158) ~[spring-data-commons-3.5.1.jar:3.5.1]
	at org.springframework.data.repository.core.support.RepositoryComposition$RepositoryFragments.invoke(RepositoryComposition.java:515) ~[spring-data-commons-3.5.1.jar:3.5.1]
	at org.springframework.data.repository.core.support.RepositoryComposition.invoke(RepositoryComposition.java:284) ~[spring-data-commons-3.5.1.jar:3.5.1]
	at org.springframework.data.repository.core.support.RepositoryFactorySupport$ImplementationMethodExecutionInterceptor.invoke(RepositoryFactorySupport.java:734) ~[spring-data-commons-3.5.1.jar:3.5.1]
	at org.springframework.aop.framework.ReflectiveMethodInvocation.proceed(ReflectiveMethodInvocation.java:184) ~[spring-aop-6.2.8.jar:6.2.8]
	at org.springframework.data.repository.core.support.QueryExecutorMethodInterceptor.doInvoke(QueryExecutorMethodInterceptor.java:174) ~[spring-data-commons-3.5.1.jar:3.5.1]
	at org.springframework.data.repository.core.support.QueryExecutorMethodInterceptor.invoke(QueryExecutorMethodInterceptor.java:149) ~[spring-data-commons-3.5.1.jar:3.5.1]
	at org.springframework.aop.framework.ReflectiveMethodInvocation.proceed(ReflectiveMethodInvocation.java:184) ~[spring-aop-6.2.8.jar:6.2.8]
	at org.springframework.data.projection.DefaultMethodInvokingMethodInterceptor.invoke(DefaultMethodInvokingMethodInterceptor.java:69) ~[spring-data-commons-3.5.1.jar:3.5.1]
	at org.springframework.aop.framework.ReflectiveMethodInvocation.proceed(ReflectiveMethodInvocation.java:184) ~[spring-aop-6.2.8.jar:6.2.8]
	at org.springframework.transaction.interceptor.TransactionAspectSupport.invokeWithinTransaction(TransactionAspectSupport.java:380) ~[spring-tx-6.2.8.jar:6.2.8]
	at org.springframework.transaction.interceptor.TransactionInterceptor.invoke(TransactionInterceptor.java:119) ~[spring-tx-6.2.8.jar:6.2.8]
	at org.springframework.aop.framework.ReflectiveMethodInvocation.proceed(ReflectiveMethodInvocation.java:184) ~[spring-aop-6.2.8.jar:6.2.8]
	at org.springframework.dao.support.PersistenceExceptionTranslationInterceptor.invoke(PersistenceExceptionTranslationInterceptor.java:138) ~[spring-tx-6.2.8.jar:6.2.8]
	... 26 common frames omitted

2025-08-14T17:30:42.699+04:00  INFO 63506 --- [maqoor] [           main] o.s.b.w.e.tomcat.GracefulShutdown        : Commencing graceful shutdown. Waiting for active requests to complete
2025-08-14T17:30:42.706+04:00  INFO 63506 --- [maqoor] [tomcat-shutdown] o.s.b.w.e.tomcat.GracefulShutdown        : Graceful shutdown complete
2025-08-14T17:30:42.709+04:00  INFO 63506 --- [maqoor] [           main] j.LocalContainerEntityManagerFactoryBean : Closing JPA EntityManagerFactory for persistence unit 'default'
2025-08-14T17:30:42.711+04:00  INFO 63506 --- [maqoor] [           main] com.zaxxer.hikari.HikariDataSource       : HikariPool-1 - Shutdown initiated...
2025-08-14T17:30:42.712+04:00  INFO 63506 --- [maqoor] [           main] com.zaxxer.hikari.HikariDataSource       : HikariPool-1 - Shutdown completed.
[INFO] ------------------------------------------------------------------------
[INFO] BUILD FAILURE
[INFO] ------------------------------------------------------------------------
[INFO] Total time:  4.457 s
[INFO] Finished at: 2025-08-14T17:30:42+04:00
[INFO] ------------------------------------------------------------------------
[ERROR] Failed to execute goal org.springframework.boot:spring-boot-maven-plugin:3.5.3:run (default-cli) on project maqoor: Process terminated with exit code: 1 -> [Help 1]
[ERROR] 
[ERROR] To see the full stack trace of the errors, re-run Maven with the -e switch.
[ERROR] Re-run Maven using the -X switch to enable full debug logging.
[ERROR] 
[ERROR] For more information about the errors and possible solutions, please read the following articles:
[ERROR] [Help 1] http://cwiki.apache.org/confluence/display/MAVEN/MojoExecutionException
